Using pre-set license
Built from '2020.3/staging' branch; Version is '2020.3.30f1 (1fb1bf06830e) revision 2077119'; Using compiler version '192528614'; Build Type 'Release'
OS: 'Windows 10  (10.0.19044) 64bit Core' Language: 'en' Physical Memory: 32599 MB
BatchMode: 1, IsHumanControllingUs: 0, StartBugReporterOnCrash: 0, Is64bit: 1, IsPro: 0

COMMAND LINE ARGUMENTS:
C:\Program Files\Unity\Hub\Editor\2020.3.30f1\Editor\Unity.exe
-adb2
-batchMode
-noUpm
-name
AssetImportWorker0
-projectPath
C:/Users/mijst/Documents/Git/Context_2/TheFactory/TheFactory
-logFile
Logs/AssetImportWorker0.log
-srvPort
55324
Successfully changed project path to: C:/Users/mijst/Documents/Git/Context_2/TheFactory/TheFactory
C:/Users/mijst/Documents/Git/Context_2/TheFactory/TheFactory
Using Asset Import Pipeline V2.
Refreshing native plugins compatible for Editor in 91.27 ms, found 2 plugins.
Preloading 0 native plugins for Editor in 0.00 ms.
Initialize engine version: 2020.3.30f1 (1fb1bf06830e)
[Subsystems] Discovering subsystems at path C:/Program Files/Unity/Hub/Editor/2020.3.30f1/Editor/Data/Resources/UnitySubsystems
[Subsystems] Discovering subsystems at path C:/Users/mijst/Documents/Git/Context_2/TheFactory/TheFactory/Assets
GfxDevice: creating device client; threaded=0
Direct3D:
    Version:  Direct3D 11.0 [level 11.1]
    Renderer: NVIDIA GeForce RTX 3070 Laptop GPU (ID=0x249d)
    Vendor:   
    VRAM:     8044 MB
    Driver:   27.21.14.6179
Initialize mono
Mono path[0] = 'C:/Program Files/Unity/Hub/Editor/2020.3.30f1/Editor/Data/Managed'
Mono path[1] = 'C:/Program Files/Unity/Hub/Editor/2020.3.30f1/Editor/Data/MonoBleedingEdge/lib/mono/unityjit'
Mono config path = 'C:/Program Files/Unity/Hub/Editor/2020.3.30f1/Editor/Data/MonoBleedingEdge/etc'
Using monoOptions --debugger-agent=transport=dt_socket,embedding=1,server=y,suspend=n,address=127.0.0.1:56760
Begin MonoManager ReloadAssembly
Registering precompiled unity dll's ...
Register platform support module: C:/Program Files/Unity/Hub/Editor/2020.3.30f1/Editor/Data/PlaybackEngines/WindowsStandaloneSupport/UnityEditor.WindowsStandalone.Extensions.dll
Registered in 0.004752 seconds.
Native extension for WindowsStandalone target not found
Refreshing native plugins compatible for Editor in 76.43 ms, found 2 plugins.
Preloading 0 native plugins for Editor in 0.00 ms.
Mono: successfully reloaded assembly
- Completed reload, in  1.398 seconds
Domain Reload Profiling:
	ReloadAssembly (1398ms)
		BeginReloadAssembly (168ms)
			ExecutionOrderSort (0ms)
			DisableScriptedObjects (0ms)
			BackupInstance (0ms)
			ReleaseScriptingObjects (0ms)
			CreateAndSetChildDomain (1ms)
		EndReloadAssembly (1049ms)
			LoadAssemblies (162ms)
			RebuildTransferFunctionScriptingTraits (0ms)
			SetupTypeCache (360ms)
			ReleaseScriptCaches (0ms)
			RebuildScriptCaches (74ms)
			SetupLoadedEditorAssemblies (370ms)
				LogAssemblyErrors (0ms)
				InitializePlatformSupportModulesInManaged (12ms)
				SetLoadedEditorAssemblies (0ms)
				RefreshPlugins (77ms)
				BeforeProcessingInitializeOnLoad (31ms)
				ProcessInitializeOnLoadAttributes (183ms)
				ProcessInitializeOnLoadMethodAttributes (66ms)
				AfterProcessingInitializeOnLoad (0ms)
				EditorAssembliesLoaded (0ms)
			ExecutionOrderSort2 (0ms)
			AwakeInstancesAfterBackupRestoration (0ms)
Platform modules already initialized, skipping
Registering precompiled user dll's ...
Registered in 0.007807 seconds.
Begin MonoManager ReloadAssembly
Native extension for WindowsStandalone target not found
Refreshing native plugins compatible for Editor in 0.38 ms, found 2 plugins.
Preloading 0 native plugins for Editor in 0.00 ms.
Mono: successfully reloaded assembly
- Completed reload, in  2.083 seconds
Domain Reload Profiling:
	ReloadAssembly (2084ms)
		BeginReloadAssembly (333ms)
			ExecutionOrderSort (0ms)
			DisableScriptedObjects (9ms)
			BackupInstance (0ms)
			ReleaseScriptingObjects (0ms)
			CreateAndSetChildDomain (36ms)
		EndReloadAssembly (1635ms)
			LoadAssemblies (214ms)
			RebuildTransferFunctionScriptingTraits (0ms)
			SetupTypeCache (501ms)
			ReleaseScriptCaches (1ms)
			RebuildScriptCaches (82ms)
			SetupLoadedEditorAssemblies (683ms)
				LogAssemblyErrors (0ms)
				InitializePlatformSupportModulesInManaged (9ms)
				SetLoadedEditorAssemblies (1ms)
				RefreshPlugins (0ms)
				BeforeProcessingInitializeOnLoad (207ms)
				ProcessInitializeOnLoadAttributes (423ms)
				ProcessInitializeOnLoadMethodAttributes (29ms)
				AfterProcessingInitializeOnLoad (13ms)
				EditorAssembliesLoaded (0ms)
			ExecutionOrderSort2 (0ms)
			AwakeInstancesAfterBackupRestoration (15ms)
Platform modules already initialized, skipping
========================================================================
Worker process is ready to serve import requests
Launched and connected shader compiler UnityShaderCompiler.exe after 0.15 seconds
Refreshing native plugins compatible for Editor in 0.79 ms, found 2 plugins.
Preloading 0 native plugins for Editor in 0.00 ms.
Unloading 1504 Unused Serialized files (Serialized files now loaded: 0)
System memory in use before: 67.7 MB.
System memory in use after: 67.8 MB.

Unloading 16 unused Assets to reduce memory usage. Loaded Objects now: 1939.
Total: 5.909100 ms (FindLiveObjects: 0.248500 ms CreateObjectMapping: 0.105300 ms MarkObjects: 5.393800 ms  DeleteObjects: 0.160000 ms)

AssetImportParameters requested are different than current active one (requested -> active):
  custom:framework-win-MediaFoundation: 216162199b28c13a410421893ffa2e32 -> 
  custom:video-decoder-ogg-theora: a1e56fd34408186e4bbccfd4996cb3dc -> 
  custom:container-muxer-webm: aa71ff27fc2769a1b78a27578f13a17b -> 
  custom:container-demuxer-webm: 4f35f7cbe854078d1ac9338744f61a02 -> 
  custom:container-demuxer-ogg: 62fdf1f143b41e24485cea50d1cbac27 -> 
  custom:video-encoder-webm-vp8: eb34c28f22e8b96e1ab97ce403110664 -> 
  custom:video-codec-MediaFoundation-h265: e54d7ab0439102e2317fc1e4b246158d -> 
  custom:video-decoder-webm-vp8: 9c59270c3fd7afecdb556c50c9e8de78 -> 
  custom:audio-decoder-ogg-vorbis: bf7c407c2cedff20999df2af8eb42d56 -> 
  custom:audio-encoder-webm-vorbis: bf7c407c2cedff20999df2af8eb42d56 -> 
========================================================================
Received Import Request.
  path: Assets
  artifactKey: Guid(00000000000000001000000000000000) Importer(815301076,1909f56bfc062723c751e8b465ee728b)
Start importing Assets using Guid(00000000000000001000000000000000) Importer(815301076,1909f56bfc062723c751e8b465ee728b)  -> (artifact id: '42d402b061de3733987d63b9cc3b64de') in 0.017147 seconds 
========================================================================
Received Import Request.
  Time since last request: 0.000472 seconds.
  path: Assets/Scenes/Art Test.unity
  artifactKey: Guid(e9529833320e1ec4eabb70f32767dc89) Importer(815301076,1909f56bfc062723c751e8b465ee728b)
Start importing Assets/Scenes/Art Test.unity using Guid(e9529833320e1ec4eabb70f32767dc89) Importer(815301076,1909f56bfc062723c751e8b465ee728b)  -> (artifact id: '268fadfb916241a0d171272657980490') in 0.033234 seconds 
========================================================================
Received Import Request.
  Time since last request: 3.477870 seconds.
  path: Assets/Art
  artifactKey: Guid(291a7d94bdf63ff41a938fd3e505e189) Importer(815301076,1909f56bfc062723c751e8b465ee728b)
Start importing Assets/Art using Guid(291a7d94bdf63ff41a938fd3e505e189) Importer(815301076,1909f56bfc062723c751e8b465ee728b)  -> (artifact id: 'bc3903d29f6216d3d7ee71d78480ffb0') in 0.012314 seconds 
========================================================================
Received Import Request.
  Time since last request: 65.227249 seconds.
  path: Assets/Art/Walls-ground
  artifactKey: Guid(f27eb0cded2a5d74385095d6525c5736) Importer(815301076,1909f56bfc062723c751e8b465ee728b)
Start importing Assets/Art/Walls-ground using Guid(f27eb0cded2a5d74385095d6525c5736) Importer(815301076,1909f56bfc062723c751e8b465ee728b)  -> (artifact id: '8e768a9f194450d9bd6eca60b11a298e') in 0.012894 seconds 
========================================================================
Received Import Request.
  Time since last request: 6957.308465 seconds.
  path: Assets/Art/Walls-ground/SM_WallBroken_2.fbx
  artifactKey: Guid(e0650d0f654c0374cb607363b3ec5794) Importer(815301076,1909f56bfc062723c751e8b465ee728b)
Start importing Assets/Art/Walls-ground/SM_WallBroken_2.fbx using Guid(e0650d0f654c0374cb607363b3ec5794) Importer(815301076,1909f56bfc062723c751e8b465ee728b)  -> (artifact id: '4bc95bf03bfdc75bbae3b65ed223e227') in 0.618819 seconds 
========================================================================
Received Import Request.
  Time since last request: 33.586531 seconds.
  path: Assets/Art/Walls-ground/SM_WindowWall.fbx
  artifactKey: Guid(1252eacff74e81946ae819ed4c09fc27) Importer(815301076,1909f56bfc062723c751e8b465ee728b)
Start importing Assets/Art/Walls-ground/SM_WindowWall.fbx using Guid(1252eacff74e81946ae819ed4c09fc27) Importer(815301076,1909f56bfc062723c751e8b465ee728b)  -> (artifact id: '34d347a0aa78c1b6ec399a0bd101b2a3') in 0.045480 seconds 
========================================================================
Received Import Request.
  Time since last request: 108.381303 seconds.
  path: Assets/Art/Walls-ground/SM_Door.fbx
  artifactKey: Guid(40e9b2767d5f93a4c8c9db8ed16db020) Importer(815301076,1909f56bfc062723c751e8b465ee728b)
Start importing Assets/Art/Walls-ground/SM_Door.fbx using Guid(40e9b2767d5f93a4c8c9db8ed16db020) Importer(815301076,1909f56bfc062723c751e8b465ee728b)  -> (artifact id: '576e14869ae3c5cba6117edec1f0a702') in 0.040939 seconds 
========================================================================
Received Import Request.
  Time since last request: 0.570482 seconds.
  path: Assets/Art/Walls-ground/SM_Ground.fbx
  artifactKey: Guid(51c2bac9a006f2f40bc5668e42ae617b) Importer(815301076,1909f56bfc062723c751e8b465ee728b)
Start importing Assets/Art/Walls-ground/SM_Ground.fbx using Guid(51c2bac9a006f2f40bc5668e42ae617b) Importer(815301076,1909f56bfc062723c751e8b465ee728b)  -> (artifact id: '9c628369c9a5f6fe6fa637e3ca4bccb9') in 0.032503 seconds 
========================================================================
Received Import Request.
  Time since last request: 0.369674 seconds.
  path: Assets/Art/Walls-ground/SM_Wall.fbx
  artifactKey: Guid(6d23991593b879346bb072a3e0b3260b) Importer(815301076,1909f56bfc062723c751e8b465ee728b)
Start importing Assets/Art/Walls-ground/SM_Wall.fbx using Guid(6d23991593b879346bb072a3e0b3260b) Importer(815301076,1909f56bfc062723c751e8b465ee728b)  -> (artifact id: 'd89c2d63ee49d058ad030bf50a044ad5') in 0.029822 seconds 
========================================================================
Received Import Request.
  Time since last request: 0.670896 seconds.
  path: Assets/Art/Walls-ground/SM_Wallplastered.fbx
  artifactKey: Guid(dcdf2afa55f97fc4b9816d89f61b1497) Importer(815301076,1909f56bfc062723c751e8b465ee728b)
Start importing Assets/Art/Walls-ground/SM_Wallplastered.fbx using Guid(dcdf2afa55f97fc4b9816d89f61b1497) Importer(815301076,1909f56bfc062723c751e8b465ee728b)  -> (artifact id: '84099b0f31fdab3a3af3fccd4b1304ec') in 0.045855 seconds 
========================================================================
Received Import Request.
  Time since last request: 9.595837 seconds.
  path: Assets/Art/Materials
  artifactKey: Guid(3bf7768bcd0c0844ea1e7f6cb815f435) Importer(815301076,1909f56bfc062723c751e8b465ee728b)
Start importing Assets/Art/Materials using Guid(3bf7768bcd0c0844ea1e7f6cb815f435) Importer(815301076,1909f56bfc062723c751e8b465ee728b)  -> (artifact id: '8ddd95fdff84d2ea819e60fb55e88904') in 0.010252 seconds 
========================================================================
Received Import Request.
  Time since last request: 19.424026 seconds.
  path: Assets/Art/Walls-ground/SM_Lamp.fbx
  artifactKey: Guid(928ba2e5d13390d4bac0f8bd5f6205e4) Importer(815301076,1909f56bfc062723c751e8b465ee728b)
Start importing Assets/Art/Walls-ground/SM_Lamp.fbx using Guid(928ba2e5d13390d4bac0f8bd5f6205e4) Importer(815301076,1909f56bfc062723c751e8b465ee728b)  -> (artifact id: '9f8aba50e0fa1b5ee4fcd8a19292385e') in 0.050028 seconds 
========================================================================
Received Import Request.
  Time since last request: 915.738012 seconds.
  path: Assets/Prefab
  artifactKey: Guid(ed414c4caf02e0640ae0cef9b70f10a5) Importer(815301076,1909f56bfc062723c751e8b465ee728b)
Start importing Assets/Prefab using Guid(ed414c4caf02e0640ae0cef9b70f10a5) Importer(815301076,1909f56bfc062723c751e8b465ee728b)  -> (artifact id: 'a58ae2a07f10c0d5f4f65cda7ca2703e') in 0.010844 seconds 
========================================================================
Received Import Request.
  Time since last request: 275.112101 seconds.
  path: Assets/Prefab/PF_Ground.prefab
  artifactKey: Guid(f627c2085bb573849bd0546c51698a43) Importer(815301076,1909f56bfc062723c751e8b465ee728b)
Start importing Assets/Prefab/PF_Ground.prefab using Guid(f627c2085bb573849bd0546c51698a43) Importer(815301076,1909f56bfc062723c751e8b465ee728b)  -> (artifact id: 'e065a0d4c144292fc135f42a850d4cb9') in 0.033085 seconds 
========================================================================
Received Import Request.
  Time since last request: 88.526105 seconds.
  path: Assets/Prefab/PF_Wall.prefab
  artifactKey: Guid(9fd55288dbfb12b499c8f4bd8c60d444) Importer(815301076,1909f56bfc062723c751e8b465ee728b)
Start importing Assets/Prefab/PF_Wall.prefab using Guid(9fd55288dbfb12b499c8f4bd8c60d444) Importer(815301076,1909f56bfc062723c751e8b465ee728b)  -> (artifact id: '4e7c687d8268967bcb87628d8e5d4ff0') in 0.020333 seconds 
========================================================================
Received Import Request.
  Time since last request: 830.641609 seconds.
  path: Assets/Art/Walls-ground/SM_DoorWall.fbx
  artifactKey: Guid(55f270d1af4370543a0f297be22908a5) Importer(815301076,1909f56bfc062723c751e8b465ee728b)
Start importing Assets/Art/Walls-ground/SM_DoorWall.fbx using Guid(55f270d1af4370543a0f297be22908a5) Importer(815301076,1909f56bfc062723c751e8b465ee728b)  -> (artifact id: 'fe4cb11dcd5a0195de7764ce985def02') in 0.033263 seconds 
AssetImportWorkerClient::OnTransportError - code=2 error=End of file
